<?xml version="1.0" encoding="UTF-8"?>
<!-- Generated by org.testng.reporters.JUnitXMLReporter -->
<testsuite hostname="DEVENDRAGUPTA" ignored="0" name="Test" tests="10" failures="4" timestamp="17 Sep 2019 14:48:46 GMT" time="0.386" errors="0">
  <testcase name="example1" time="0.098" classname="Testprojectmaven.goibibo.Test1">
    <failure type="java.lang.AssertionError" message="This test should be failed expected [3] but found [2]">
      <![CDATA[java.lang.AssertionError: This test should be failed expected [3] but found [2]
at Testprojectmaven.goibibo.Test1.example1(Test1.java:10)
... Removed 30 stack frames]]>
    </failure>
  </testcase> <!-- example1 -->
  <testcase name="example2" time="0.004" classname="Testprojectmaven.goibibo.Test1"/>
  <testcase name="example3" time="0.004" classname="Testprojectmaven.goibibo.Test1"/>
  <testcase name="example4" time="0.003" classname="Testprojectmaven.goibibo.Test1">
    <failure type="java.lang.AssertionError" message="This test should be failed">
      <![CDATA[java.lang.AssertionError: This test should be failed
at Testprojectmaven.goibibo.Test1.example4(Test1.java:25)
... Removed 26 stack frames]]>
    </failure>
  </testcase> <!-- example4 -->
  <testcase name="skippedByDependencyTest" time="0.0" classname="Testprojectmaven.goibibo.Test1">
    <skipped/>
  </testcase> <!-- skippedByDependencyTest -->
  <testcase name="test1" time="0.005" classname="Testprojectmaven.goibibo.Test2">
    <failure type="java.lang.AssertionError" message="expected [3] but found [2]">
      <![CDATA[java.lang.AssertionError: expected [3] but found [2]
at Testprojectmaven.goibibo.Test2.test1(Test2.java:10)
... Removed 31 stack frames]]>
    </failure>
  </testcase> <!-- test1 -->
  <testcase name="test2" time="0.004" classname="Testprojectmaven.goibibo.Test2"/>
  <testcase name="test3" time="0.006" classname="Testprojectmaven.goibibo.Test2"/>
  <testcase name="test4" time="0.003" classname="Testprojectmaven.goibibo.Test2">
    <failure type="java.lang.AssertionError" message="This test should be failed">
      <![CDATA[java.lang.AssertionError: This test should be failed
at Testprojectmaven.goibibo.Test2.test4(Test2.java:25)
... Removed 26 stack frames]]>
    </failure>
  </testcase> <!-- test4 -->
  <testcase name="skippedByDependencyTest" time="0.0" classname="Testprojectmaven.goibibo.Test2">
    <skipped/>
  </testcase> <!-- skippedByDependencyTest -->
</testsuite> <!-- Test -->
